This is pdfTeX, Version 3.141592653-2.6-1.40.28 (TeX Live 2025) (preloaded format=pdflatex 2026.1.1)  29 MAR 2026 13:35
entering extended mode
 restricted \write18 enabled.
 file:line:error style messages enabled.
 %&-line parsing enabled.
**cv.tex
(./cv.tex
LaTeX2e <2025-11-01>
L3 programming layer <2025-12-29>
(/opt/texlive/texdir/texmf-dist/tex/latex/base/article.cls
Document Class: article 2025/01/22 v1.4n Standard LaTeX document class
(/opt/texlive/texdir/texmf-dist/tex/latex/base/size11.clo
File: size11.clo 2025/01/22 v1.4n Standard LaTeX file (size option)
)
\c@part=\count275
\c@section=\count276
\c@subsection=\count277
\c@subsubsection=\count278
\c@paragraph=\count279
\c@subparagraph=\count280
\c@figure=\count281
\c@table=\count282
\abovecaptionskip=\skip49
\belowcaptionskip=\skip50
\bibindent=\dimen148
)
(/opt/texlive/texdir/texmf-dist/tex/latex/comment/comment.sty
\CommentStream=\write3

Excluding comment 'comment')
(/opt/texlive/texdir/texmf-dist/tex/latex/currfile/currfile.sty
Package: currfile 2024/03/14 v1.0 Provides the file path elements of the curren
t input file

(/opt/texlive/texdir/texmf-dist/tex/latex/kvoptions/kvoptions.sty
Package: kvoptions 2022-06-15 v3.15 Key value format for package options (HO)

(/opt/texlive/texdir/texmf-dist/tex/latex/graphics/keyval.sty
Package: keyval 2022/05/29 v1.15 key=value parser (DPC)
\KV@toks@=\toks17
)
(/opt/texlive/texdir/texmf-dist/tex/generic/ltxcmds/ltxcmds.sty
Package: ltxcmds 2023-12-04 v1.26 LaTeX kernel commands for general use (HO)
)
(/opt/texlive/texdir/texmf-dist/tex/latex/kvsetkeys/kvsetkeys.sty
Package: kvsetkeys 2022-10-05 v1.19 Key value parser (HO)
))
(/opt/texlive/texdir/texmf-dist/tex/latex/filehook/filehook.sty
Package: filehook 2022/10/25 v0.8b Hooks for input files

(/opt/texlive/texdir/texmf-dist/tex/latex/filehook/filehook-2020.sty
Package: filehook-2020 2022/10/25 v0.8b Hooks for input files
))
\c@currfiledepth=\count283
)
(/opt/texlive/texdir/texmf-dist/tex/latex/biblatex/biblatex.sty
Package: biblatex 2025/07/10 v3.21 programmable bibliographies (PK/MW)

(/opt/texlive/texdir/texmf-dist/tex/generic/pdftexcmds/pdftexcmds.sty
Package: pdftexcmds 2020-06-27 v0.33 Utility functions of pdfTeX for LuaTeX (HO
)

(/opt/texlive/texdir/texmf-dist/tex/generic/infwarerr/infwarerr.sty
Package: infwarerr 2019/12/03 v1.5 Providing info/warning/error messages (HO)
)
(/opt/texlive/texdir/texmf-dist/tex/generic/iftex/iftex.sty
Package: iftex 2024/12/12 v1.0g TeX engine tests
)
Package pdftexcmds Info: \pdf@primitive is available.
Package pdftexcmds Info: \pdf@ifprimitive is available.
Package pdftexcmds Info: \pdfdraftmode found.
)
(/opt/texlive/texdir/texmf-dist/tex/latex/etoolbox/etoolbox.sty
Package: etoolbox 2025/10/02 v2.5m e-TeX tools for LaTeX (JAW)
\etb@tempcnta=\count284
)
(/opt/texlive/texdir/texmf-dist/tex/latex/logreq/logreq.sty
Package: logreq 2010/08/04 v1.0 xml request logger
\lrq@indent=\count285

(/opt/texlive/texdir/texmf-dist/tex/latex/logreq/logreq.def
File: logreq.def 2010/08/04 v1.0 logreq spec v1.0
))
(/opt/texlive/texdir/texmf-dist/tex/latex/base/ifthen.sty
Package: ifthen 2024/03/16 v1.1e Standard LaTeX ifthen package (DPC)
)
(/opt/texlive/texdir/texmf-dist/tex/latex/url/url.sty
\Urlmuskip=\muskip17
Package: url 2013/09/16  ver 3.4  Verb mode for urls, etc.
)
\c@tabx@nest=\count286
\c@listtotal=\count287
\c@listcount=\count288
\c@liststart=\count289
\c@liststop=\count290
\c@citecount=\count291
\c@citetotal=\count292
\c@multicitecount=\count293
\c@multicitetotal=\count294
\c@instcount=\count295
\c@maxnames=\count296
\c@minnames=\count297
\c@maxitems=\count298
\c@minitems=\count299
\c@citecounter=\count300
\c@maxcitecounter=\count301
\c@savedcitecounter=\count302
\c@uniquelist=\count303
\c@uniquename=\count304
\c@refsection=\count305
\c@refsegment=\count306
\c@maxextratitle=\count307
\c@maxextratitleyear=\count308
\c@maxextraname=\count309
\c@maxextradate=\count310
\c@maxextraalpha=\count311
\c@abbrvpenalty=\count312
\c@highnamepenalty=\count313
\c@lownamepenalty=\count314
\c@maxparens=\count315
\c@parenlevel=\count316
\blx@tempcnta=\count317
\blx@tempcntb=\count318
\blx@tempcntc=\count319
\c@blx@maxsection=\count320
\blx@maxsegment@0=\count321
\blx@notetype=\count322
\blx@parenlevel@text=\count323
\blx@parenlevel@foot=\count324
\blx@sectionciteorder@0=\count325
\blx@sectionciteorderinternal@0=\count326
\blx@entrysetcounter=\count327
\blx@biblioinstance=\count328
\labelnumberwidth=\skip51
\labelalphawidth=\skip52
\biblabelsep=\skip53
\bibitemsep=\skip54
\bibnamesep=\skip55
\bibinitsep=\skip56
\bibparsep=\skip57
\bibhang=\skip58
\blx@bcfin=\read2
\blx@bcfout=\write4
\blx@langwohyphens=\language90
\c@mincomprange=\count329
\c@maxcomprange=\count330
\c@mincompwidth=\count331
Package biblatex Info: Trying to load biblatex default data model...
Package biblatex Info: ... file 'blx-dm.def' found.

(/opt/texlive/texdir/texmf-dist/tex/latex/biblatex/blx-dm.def
File: blx-dm.def 2025/07/10 v3.21 biblatex datamodel (PK/MW)
)
Package biblatex Info: Trying to load biblatex style data model...
Package biblatex Info: ... file 'ieee.dbx' not found.
Package biblatex Info: Trying to load biblatex custom data model...
Package biblatex Info: ... file 'biblatex-dm.cfg' not found.
\c@afterword=\count332
\c@savedafterword=\count333
\c@annotator=\count334
\c@savedannotator=\count335
\c@author=\count336
\c@savedauthor=\count337
\c@bookauthor=\count338
\c@savedbookauthor=\count339
\c@commentator=\count340
\c@savedcommentator=\count341
\c@editor=\count342
\c@savededitor=\count343
\c@editora=\count344
\c@savededitora=\count345
\c@editorb=\count346
\c@savededitorb=\count347
\c@editorc=\count348
\c@savededitorc=\count349
\c@foreword=\count350
\c@savedforeword=\count351
\c@holder=\count352
\c@savedholder=\count353
\c@introduction=\count354
\c@savedintroduction=\count355
\c@namea=\count356
\c@savednamea=\count357
\c@nameb=\count358
\c@savednameb=\count359
\c@namec=\count360
\c@savednamec=\count361
\c@translator=\count362
\c@savedtranslator=\count363
\c@shortauthor=\count364
\c@savedshortauthor=\count365
\c@shorteditor=\count366
\c@savedshorteditor=\count367
\c@labelname=\count368
\c@savedlabelname=\count369
\c@institution=\count370
\c@savedinstitution=\count371
\c@lista=\count372
\c@savedlista=\count373
\c@listb=\count374
\c@savedlistb=\count375
\c@listc=\count376
\c@savedlistc=\count377
\c@listd=\count378
\c@savedlistd=\count379
\c@liste=\count380
\c@savedliste=\count381
\c@listf=\count382
\c@savedlistf=\count383
\c@location=\count384
\c@savedlocation=\count385
\c@organization=\count386
\c@savedorganization=\count387
\c@origlocation=\count388
\c@savedoriglocation=\count389
\c@origpublisher=\count390
\c@savedorigpublisher=\count391
\c@publisher=\count392
\c@savedpublisher=\count393
\c@language=\count394
\c@savedlanguage=\count395
\c@origlanguage=\count396
\c@savedoriglanguage=\count397
\c@pageref=\count398
\c@savedpageref=\count399
\shorthandwidth=\skip59
\shortjournalwidth=\skip60
\shortserieswidth=\skip61
\shorttitlewidth=\skip62
\shortauthorwidth=\skip63
\shorteditorwidth=\skip64
\locallabelnumberwidth=\skip65
\locallabelalphawidth=\skip66
\localshorthandwidth=\skip67
\localshortjournalwidth=\skip68
\localshortserieswidth=\skip69
\localshorttitlewidth=\skip70
\localshortauthorwidth=\skip71
\localshorteditorwidth=\skip72
Package biblatex Info: Trying to load compatibility code...
Package biblatex Info: ... file 'blx-compat.def' found.

(/opt/texlive/texdir/texmf-dist/tex/latex/biblatex/blx-compat.def
File: blx-compat.def 2025/07/10 v3.21 biblatex compatibility (PK/MW)
)
Package biblatex Info: Trying to load generic definitions...
Package biblatex Info: ... file 'biblatex.def' found.

(/opt/texlive/texdir/texmf-dist/tex/latex/biblatex/biblatex.def
File: biblatex.def 2025/07/10 v3.21 biblatex compatibility (PK/MW)
\c@textcitecount=\count400
\c@textcitetotal=\count401
\c@textcitemaxnames=\count402
\c@biburlbigbreakpenalty=\count403
\c@biburlbreakpenalty=\count404
\c@biburlnumpenalty=\count405
\c@biburlucpenalty=\count406
\c@biburllcpenalty=\count407
\biburlbigskip=\muskip18
\biburlnumskip=\muskip19
\biburlucskip=\muskip20
\biburllcskip=\muskip21
\c@smartand=\count408
)
Package biblatex Info: Trying to load bibliography style 'ieee'...
Package biblatex Info: ... file 'ieee.bbx' found.

(/opt/texlive/texdir/texmf-dist/tex/latex/biblatex-ieee/ieee.bbx
File: ieee.bbx 2025-08-01 v1.4f biblatex bibliography style
Package biblatex Info: Trying to load bibliography style 'numeric-comp'...
Package biblatex Info: ... file 'numeric-comp.bbx' found.

(/opt/texlive/texdir/texmf-dist/tex/latex/biblatex/bbx/numeric-comp.bbx
File: numeric-comp.bbx 2025/07/10 v3.21 biblatex bibliography style (PK/MW)
Package biblatex Info: Trying to load bibliography style 'numeric'...
Package biblatex Info: ... file 'numeric.bbx' found.

(/opt/texlive/texdir/texmf-dist/tex/latex/biblatex/bbx/numeric.bbx
File: numeric.bbx 2025/07/10 v3.21 biblatex bibliography style (PK/MW)
Package biblatex Info: Trying to load bibliography style 'standard'...
Package biblatex Info: ... file 'standard.bbx' found.

(/opt/texlive/texdir/texmf-dist/tex/latex/biblatex/bbx/standard.bbx
File: standard.bbx 2025/07/10 v3.21 biblatex bibliography style (PK/MW)
\c@bbx:relatedcount=\count409
\c@bbx:relatedtotal=\count410
))))
Package biblatex Info: Trying to load citation style 'ieee'...
Package biblatex Info: ... file 'ieee.cbx' found.

(/opt/texlive/texdir/texmf-dist/tex/latex/biblatex-ieee/ieee.cbx
File: ieee.cbx 2025-08-01 v1.4f biblatex citation style
Package biblatex Info: Trying to load citation style 'numeric-verb'...
Package biblatex Info: ... file 'numeric-verb.cbx' found.

(/opt/texlive/texdir/texmf-dist/tex/latex/biblatex/cbx/numeric-verb.cbx
File: numeric-verb.cbx 2025/07/10 v3.21 biblatex citation style (PK/MW)
Package biblatex Info: Redefining '\cite'.
Package biblatex Info: Redefining '\parencite'.
Package biblatex Info: Redefining '\footcite'.
Package biblatex Info: Redefining '\footcitetext'.
Package biblatex Info: Redefining '\smartcite'.
Package biblatex Info: Redefining '\textcite'.
Package biblatex Info: Redefining '\supercite'.
Package biblatex Info: Redefining '\parencites'.
Package biblatex Info: Redefining '\smartcites'.
Package biblatex Info: Redefining '\textcites'.
))
Package biblatex Info: Trying to load configuration file...
Package biblatex Info: ... file 'biblatex.cfg' found.

(/opt/texlive/texdir/texmf-dist/tex/latex/biblatex/biblatex.cfg
File: biblatex.cfg 
)
Package biblatex Info: Input encoding 'utf8' detected.
Package biblatex Info: Document encoding is UTF8 ....

(/opt/texlive/texdir/texmf-dist/tex/latex/l3kernel/expl3.sty
Package: expl3 2025-12-29 L3 programming layer (loader) 

(/opt/texlive/texdir/texmf-dist/tex/latex/l3backend/l3backend-pdftex.def
File: l3backend-pdftex.def 2025-10-09 L3 backend support: PDF output (pdfTeX)
\l__color_backend_stack_int=\count411
))
Package biblatex Info: ... and expl3
(biblatex)             2025-12-29 L3 programming layer (loader) 
(biblatex)             is new enough (at least 2020/04/06),
(biblatex)             setting 'casechanger=expl3'.

(/opt/texlive/texdir/texmf-dist/tex/latex/biblatex/blx-case-expl3.sty
(/opt/texlive/texdir/texmf-dist/tex/latex/l3packages/xparse/xparse.sty
Package: xparse 2025-10-09 L3 Experimental document command parser
)
Package: blx-case-expl3 2025/07/10 v3.21 expl3 case changing code for biblatex
))
(./structure.tex
(/opt/texlive/texdir/texmf-dist/tex/latex/graphics/graphicx.sty
Package: graphicx 2024/12/31 v1.2e Enhanced LaTeX Graphics (DPC,SPQR)

(/opt/texlive/texdir/texmf-dist/tex/latex/graphics/graphics.sty
Package: graphics 2024/08/06 v1.4g Standard LaTeX Graphics (DPC,SPQR)

(/opt/texlive/texdir/texmf-dist/tex/latex/graphics/trig.sty
Package: trig 2023/12/02 v1.11 sin cos tan (DPC)
)
(/opt/texlive/texdir/texmf-dist/tex/latex/graphics-cfg/graphics.cfg
File: graphics.cfg 2016/06/04 v1.11 sample graphics configuration
)
Package graphics Info: Driver file: pdftex.def on input line 106.

(/opt/texlive/texdir/texmf-dist/tex/latex/graphics-def/pdftex.def
File: pdftex.def 2025/09/29 v1.2d Graphics/color driver for pdftex
))
\Gin@req@height=\dimen149
\Gin@req@width=\dimen150
)
(/opt/texlive/texdir/texmf-dist/tex/latex/geometry/geometry.sty
Package: geometry 2020/01/02 v5.9 Page Geometry

(/opt/texlive/texdir/texmf-dist/tex/generic/iftex/ifvtex.sty
Package: ifvtex 2019/10/25 v1.7 ifvtex legacy package. Use iftex instead.
)
\Gm@cnth=\count412
\Gm@cntv=\count413
\c@Gm@tempcnt=\count414
\Gm@bindingoffset=\dimen151
\Gm@wd@mp=\dimen152
\Gm@odd@mp=\dimen153
\Gm@even@mp=\dimen154
\Gm@layoutwidth=\dimen155
\Gm@layoutheight=\dimen156
\Gm@layouthoffset=\dimen157
\Gm@layoutvoffset=\dimen158
\Gm@dimlist=\toks18
)
(/opt/texlive/texdir/texmf-dist/tex/latex/base/inputenc.sty
Package: inputenc 2024/02/08 v1.3d Input encoding file
\inpenc@prehook=\toks19
\inpenc@posthook=\toks20
)
(/opt/texlive/texdir/texmf-dist/tex/latex/base/fontenc.sty
Package: fontenc 2025/07/18 v2.1d Standard LaTeX package
)
(/opt/texlive/texdir/texmf-dist/tex/latex/ebgaramond/ebgaramond.sty
Package: ebgaramond 2024/04/23 (Bob Tennent and autoinst) Style file for EB Gar
amond fonts.

(/opt/texlive/texdir/texmf-dist/tex/generic/iftex/ifxetex.sty
Package: ifxetex 2019/10/25 v0.7 ifxetex legacy package. Use iftex instead.
)
(/opt/texlive/texdir/texmf-dist/tex/generic/iftex/ifluatex.sty
Package: ifluatex 2019/10/25 v1.5 ifluatex legacy package. Use iftex instead.
)
(/opt/texlive/texdir/texmf-dist/tex/latex/xkeyval/xkeyval.sty
Package: xkeyval 2025/11/04 v2.10 package option processing (HA)

(/opt/texlive/texdir/texmf-dist/tex/generic/xkeyval/xkeyval.tex
(/opt/texlive/texdir/texmf-dist/tex/generic/xkeyval/xkvutils.tex
\XKV@toks=\toks21
\XKV@tempa@toks=\toks22
\XKV@tempb@toks=\toks23
)
\XKV@depth=\count415
File: xkeyval.tex 2014/12/03 v2.7a key=value parser (HA)
))
(/opt/texlive/texdir/texmf-dist/tex/latex/base/textcomp.sty
Package: textcomp 2024/04/24 v2.1b Standard LaTeX package
)
(/opt/texlive/texdir/texmf-dist/tex/latex/base/fontenc.sty
Package: fontenc 2025/07/18 v2.1d Standard LaTeX package
)
(/opt/texlive/texdir/texmf-dist/tex/latex/fontaxes/fontaxes.sty
Package: fontaxes 2025-05-24 v2.0.1 Font selection axes (deprecated)

(/opt/texlive/texdir/texmf-dist/tex/latex/figureversions/figureversions.sty
Package: figureversions 2025-04-29 v1.0.1 Figure versions
))
LaTeX Info: Redefining \oldstylenums on input line 163.
LaTeX Info: Redefining \textsw on input line 173.
)
(/opt/texlive/texdir/texmf-dist/tex/latex/sectsty/sectsty.sty
Package: sectsty 2002/02/25 v2.0.2 Commands to change all sectional heading sty
les


LaTeX Warning: Command \underbar  has changed.
               Check if current package is valid.


LaTeX Warning: Command \underline  has changed.
               Check if current package is valid.

) (/opt/texlive/texdir/texmf-dist/tex/latex/marginnote/marginnote.sty
Package: marginnote 2018/08/09 1.4b non floating margin notes for LaTeX
\c@mn@abspage=\count416
)
(/opt/texlive/texdir/texmf-dist/tex/latex/xcolor/xcolor.sty
Package: xcolor 2024/09/29 v3.02 LaTeX color extensions (UK)

(/opt/texlive/texdir/texmf-dist/tex/latex/graphics-cfg/color.cfg
File: color.cfg 2016/01/02 v1.6 sample color configuration
)

Package xcolor Warning: Package option `usenames' is obsolete and ignored on in
put line 265.

Package xcolor Info: Driver file: pdftex.def on input line 274.
(/opt/texlive/texdir/texmf-dist/tex/latex/graphics/mathcolor.ltx)
Package xcolor Info: Model `cmy' substituted by `cmy0' on input line 1349.
Package xcolor Info: Model `hsb' substituted by `rgb' on input line 1353.
Package xcolor Info: Model `RGB' extended on input line 1365.
Package xcolor Info: Model `HTML' substituted by `rgb' on input line 1367.
Package xcolor Info: Model `Hsb' substituted by `hsb' on input line 1368.
Package xcolor Info: Model `tHsb' substituted by `hsb' on input line 1369.
Package xcolor Info: Model `HSB' substituted by `hsb' on input line 1370.
Package xcolor Info: Model `Gray' substituted by `gray' on input line 1371.
Package xcolor Info: Model `wave' substituted by `hsb' on input line 1372.
)
(/opt/texlive/texdir/texmf-dist/tex/latex/graphics/dvipsnam.def
File: dvipsnam.def 2016/06/17 v3.0m Driver-dependent file (DPC,SPQR)
)
(/opt/texlive/texdir/texmf-dist/tex/latex/hyperref/hyperref.sty
Package: hyperref 2025-07-12 v7.01o Hypertext links for LaTeX

(/opt/texlive/texdir/texmf-dist/tex/generic/kvdefinekeys/kvdefinekeys.sty
Package: kvdefinekeys 2019-12-19 v1.6 Define keys (HO)
)
(/opt/texlive/texdir/texmf-dist/tex/generic/pdfescape/pdfescape.sty
Package: pdfescape 2019/12/09 v1.15 Implements pdfTeX's escape features (HO)
)
(/opt/texlive/texdir/texmf-dist/tex/latex/hycolor/hycolor.sty
Package: hycolor 2020-01-27 v1.10 Color options for hyperref/bookmark (HO)
)
(/opt/texlive/texdir/texmf-dist/tex/latex/hyperref/nameref.sty
Package: nameref 2025-06-21 v2.57 Cross-referencing by name of section

(/opt/texlive/texdir/texmf-dist/tex/latex/refcount/refcount.sty
Package: refcount 2019/12/15 v3.6 Data extraction from label references (HO)
)
(/opt/texlive/texdir/texmf-dist/tex/generic/gettitlestring/gettitlestring.sty
Package: gettitlestring 2019/12/15 v1.6 Cleanup title references (HO)
)
\c@section@level=\count417
) (/opt/texlive/texdir/texmf-dist/tex/generic/stringenc/stringenc.sty
Package: stringenc 2019/11/29 v1.12 Convert strings between diff. encodings (HO
)
)
\@linkdim=\dimen159
\Hy@linkcounter=\count418
\Hy@pagecounter=\count419

(/opt/texlive/texdir/texmf-dist/tex/latex/hyperref/pd1enc.def
File: pd1enc.def 2025-07-12 v7.01o Hyperref: PDFDocEncoding definition (HO)
Now handling font encoding PD1 ...
... no UTF-8 mapping file for font encoding PD1
)
(/opt/texlive/texdir/texmf-dist/tex/generic/intcalc/intcalc.sty
Package: intcalc 2019/12/15 v1.3 Expandable calculations with integers (HO)
)
\Hy@SavedSpaceFactor=\count420

(/opt/texlive/texdir/texmf-dist/tex/latex/hyperref/puenc.def
File: puenc.def 2025-07-12 v7.01o Hyperref: PDF Unicode definition (HO)
Now handling font encoding PU ...
... no UTF-8 mapping file for font encoding PU
)
Package hyperref Info: Option `bookmarks' set `true' on input line 4066.
Package hyperref Info: Option `colorlinks' set `true' on input line 4066.
Package hyperref Info: Option `breaklinks' set `true' on input line 4066.
Package hyperref Info: Hyper figures OFF on input line 4195.
Package hyperref Info: Link nesting OFF on input line 4200.
Package hyperref Info: Hyper index ON on input line 4203.
Package hyperref Info: Plain pages OFF on input line 4210.
Package hyperref Info: Backreferencing OFF on input line 4215.
Package hyperref Info: Implicit mode ON; LaTeX internals redefined.
Package hyperref Info: Bookmarks ON on input line 4462.
\c@Hy@tempcnt=\count421
LaTeX Info: Redefining \url on input line 4801.
\XeTeXLinkMargin=\dimen160

(/opt/texlive/texdir/texmf-dist/tex/generic/bitset/bitset.sty
Package: bitset 2019/12/09 v1.3 Handle bit-vector datatype (HO)

(/opt/texlive/texdir/texmf-dist/tex/generic/bigintcalc/bigintcalc.sty
Package: bigintcalc 2019/12/15 v1.5 Expandable calculations on big integers (HO
)
))
\Fld@menulength=\count422
\Field@Width=\dimen161
\Fld@charsize=\dimen162
Package hyperref Info: Hyper figures OFF on input line 6078.
Package hyperref Info: Link nesting OFF on input line 6083.
Package hyperref Info: Hyper index ON on input line 6086.
Package hyperref Info: backreferencing OFF on input line 6093.
Package hyperref Info: Link coloring ON on input line 6096.
Package hyperref Info: Link coloring with OCG OFF on input line 6103.
Package hyperref Info: PDF/A mode OFF on input line 6108.
\Hy@abspage=\count423
\c@Item=\count424
\c@Hfootnote=\count425
)
Package hyperref Info: Driver (autodetected): hpdftex.

(/opt/texlive/texdir/texmf-dist/tex/latex/hyperref/hpdftex.def
File: hpdftex.def 2025-07-12 v7.01o Hyperref driver for pdfTeX
\Fld@listcount=\count426
\c@bookmark@seq@number=\count427

(/opt/texlive/texdir/texmf-dist/tex/latex/rerunfilecheck/rerunfilecheck.sty
Package: rerunfilecheck 2025-06-21 v1.11 Rerun checks for auxiliary files (HO)

(/opt/texlive/texdir/texmf-dist/tex/generic/uniquecounter/uniquecounter.sty
Package: uniquecounter 2019/12/15 v1.4 Provide unlimited unique counter (HO)
)
Package uniquecounter Info: New unique counter `rerunfilecheck' on input line 2
84.
)
\Hy@SectionHShift=\skip73
))

Package biblatex Warning: Load 'inputenc' before biblatex.

\@quotelevel=\count428
\@quotereset=\count429
LaTeX Font Info:    Trying to load font information for T1+EBGaramond-OsF on in
put line 50.
(/opt/texlive/texdir/texmf-dist/tex/latex/ebgaramond/T1EBGaramond-OsF.fd
File: T1EBGaramond-OsF.fd 2023/03/19 (autoinst) Font definitions for T1/EBGaram
ond-OsF.
)
LaTeX Font Info:    Font shape `T1/EBGaramond-OsF/m/n' will be
(Font)              scaled to size 10.95pt on input line 50.

(./cv.aux)
\openout1 = `cv.aux'.

LaTeX Font Info:    Checking defaults for OML/cmm/m/it on input line 50.
LaTeX Font Info:    ... okay on input line 50.
LaTeX Font Info:    Checking defaults for OMS/cmsy/m/n on input line 50.
LaTeX Font Info:    ... okay on input line 50.
LaTeX Font Info:    Checking defaults for OT1/cmr/m/n on input line 50.
LaTeX Font Info:    ... okay on input line 50.
LaTeX Font Info:    Checking defaults for T1/cmr/m/n on input line 50.
LaTeX Font Info:    ... okay on input line 50.
LaTeX Font Info:    Checking defaults for TS1/cmr/m/n on input line 50.
LaTeX Font Info:    ... okay on input line 50.
LaTeX Font Info:    Checking defaults for OMX/cmex/m/n on input line 50.
LaTeX Font Info:    ... okay on input line 50.
LaTeX Font Info:    Checking defaults for U/cmr/m/n on input line 50.
LaTeX Font Info:    ... okay on input line 50.
LaTeX Font Info:    Checking defaults for PD1/pdf/m/n on input line 50.
LaTeX Font Info:    ... okay on input line 50.
LaTeX Font Info:    Checking defaults for PU/pdf/m/n on input line 50.
LaTeX Font Info:    ... okay on input line 50.
Package biblatex Info: Trying to load language 'english'...
Package biblatex Info: ... file 'english.lbx' found.
 (/opt/texlive/texdir/texmf-dist/tex/latex/biblatex/lbx/english.lbx
File: english.lbx 2025/07/10 v3.21 biblatex localization (PK/MW)
)
Package biblatex Info: Input encoding 'utf8' detected.
Package biblatex Info: Automatic encoding selection.
(biblatex)             Assuming data encoding 'utf8'.
\openout4 = `cv.bcf'.

Package biblatex Info: Trying to load bibliographic data...
Package biblatex Info: ... file 'cv.bbl' found.

(./cv.bbl)
Package biblatex Info: Reference section=0 on input line 50.
Package biblatex Info: Reference segment=0 on input line 50.
 (/opt/texlive/texdir/texmf-dist/tex/context/base/mkii/supp-pdf.mkii
[Loading MPS to PDF converter (version 2006.09.02).]
\scratchcounter=\count430
\scratchdimen=\dimen163
\scratchbox=\box53
\nofMPsegments=\count431
\nofMParguments=\count432
\everyMPshowfont=\toks24
\MPscratchCnt=\count433
\MPscratchDim=\dimen164
\MPnumerator=\count434
\makeMPintoPDFobject=\count435
\everyMPtoPDFconversion=\toks25
) (/opt/texlive/texdir/texmf-dist/tex/latex/epstopdf-pkg/epstopdf-base.sty
Package: epstopdf-base 2020-01-24 v2.11 Base part for package epstopdf
Package epstopdf-base Info: Redefining graphics rule for `.eps' on input line 4
85.

(/opt/texlive/texdir/texmf-dist/tex/latex/latexconfig/epstopdf-sys.cfg
File: epstopdf-sys.cfg 2010/07/13 v1.3 Configuration of (r)epstopdf for TeX Liv
e
))
*geometry* driver: auto-detecting
*geometry* detected driver: pdftex
*geometry* verbose mode - [ preamble ] result:
* driver: pdftex
* paper: a4paper
* layout: <same size as paper>
* layoutoffset:(h,v)=(0.0pt,0.0pt)
* modes: 
* h-part:(L,W,R)=(99.58464pt, 398.3386pt, 99.58464pt)
* v-part:(T,H,B)=(92.47145pt, 638.76437pt, 113.81102pt)
* \paperwidth=597.50787pt
* \paperheight=845.04684pt
* \textwidth=398.3386pt
* \textheight=638.76437pt
* \oddsidemargin=27.31465pt
* \evensidemargin=27.31465pt
* \topmargin=-22.47765pt
* \headheight=21.33955pt
* \headsep=21.33955pt
* \topskip=11.0pt
* \footskip=28.45274pt
* \marginparwidth=59.0pt
* \marginparsep=-10.0pt
* \columnsep=10.0pt
* \skip\footins=10.0pt plus 4.0pt minus 2.0pt
* \hoffset=0.0pt
* \voffset=0.0pt
* \mag=1000
* \@twocolumnfalse
* \@twosidefalse
* \@mparswitchfalse
* \@reversemargintrue
* (1in=72.27pt=25.4mm, 1cm=28.453pt)

\c@mv@tabular=\count436
\c@mv@boldtabular=\count437
Package hyperref Info: Link coloring ON on input line 50.
(./cv.out) (./cv.out)
\@outlinefile=\write5
\openout5 = `cv.out'.

LaTeX Font Info:    Font shape `T1/EBGaramond-OsF/m/n' will be
(Font)              scaled to size 17.28pt on input line 56.
LaTeX Font Info:    Font shape `T1/EBGaramond-OsF/sb/n' will be
(Font)              scaled to size 17.28pt on input line 56.
LaTeX Font Info:    External font `cmex10' loaded for size
(Font)              <10.95> on input line 69.
LaTeX Font Info:    External font `cmex10' loaded for size
(Font)              <8> on input line 69.
LaTeX Font Info:    External font `cmex10' loaded for size
(Font)              <6> on input line 69.
LaTeX Font Info:    Font shape `T1/EBGaramond-OsF/m/n' will be
(Font)              scaled to size 14.4pt on input line 82.
LaTeX Font Info:    Font shape `T1/EBGaramond-OsF/sb/n' will be
(Font)              scaled to size 14.4pt on input line 82.
LaTeX Font Info:    Font shape `T1/EBGaramond-OsF/sb/n' will be
(Font)              scaled to size 13.5pt on input line 82.
LaTeX Font Info:    Font shape `T1/EBGaramond-OsF/m/it' will be
(Font)              scaled to size 10.95pt on input line 84.
Package marginnote Info: Margin note 1.1 is on absolute page 1 on input line 98
.
Package marginnote Info: right page because not two side mode on input line 98.

LaTeX Font Info:    Font shape `T1/EBGaramond-OsF/m/n' will be
(Font)              scaled to size 8.0pt on input line 98.
Package marginnote Info: xpos seems to be 99.58464pt on input line 98.
LaTeX Font Info:    Font shape `T1/EBGaramond-OsF/m/sc' will be
(Font)              scaled to size 10.95pt on input line 98.
Package marginnote Info: Margin note 1.2 is on absolute page 1 on input line 10
6.
Package marginnote Info: right page because not two side mode on input line 106
.
Package marginnote Info: xpos seems to be 99.58464pt on input line 106.
Package marginnote Info: Margin note 1.3 is on absolute page 1 on input line 11
1.
Package marginnote Info: right page because not two side mode on input line 111
.
Package marginnote Info: xpos seems to be 99.58464pt on input line 111.
Package marginnote Info: Margin note 1.4 is on absolute page 1 on input line 11
6.
Package marginnote Info: right page because not two side mode on input line 116
.
Package marginnote Info: xpos seems to be 99.58464pt on input line 116.
Package marginnote Info: Margin note 1.5 is on absolute page 1 on input line 12
5.
Package marginnote Info: right page because not two side mode on input line 125
.
Package marginnote Info: xpos seems to be 99.58464pt on input line 125.
Package marginnote Info: Margin note 1.6 is on absolute page 1 on input line 12
9.
Package marginnote Info: right page because not two side mode on input line 129
.
Package marginnote Info: xpos seems to be 99.58464pt on input line 129.
Package marginnote Info: Margin note 1.7 is on absolute page 1 on input line 13
3.
Package marginnote Info: right page because not two side mode on input line 133
.
Package marginnote Info: xpos seems to be 99.58464pt on input line 133.
Package marginnote Info: Margin note 1.8 is on absolute page 1 on input line 13
7.
Package marginnote Info: right page because not two side mode on input line 137
.
Package marginnote Info: xpos seems to be 99.58464pt on input line 137.
Package marginnote Info: Margin note 1.9 is on absolute page 1 on input line 14
1.
Package marginnote Info: right page because not two side mode on input line 141
.
Package marginnote Info: xpos seems to be 99.58464pt on input line 141.
Package marginnote Info: Margin note 1.10 is on absolute page 2 on input line 1
45.
Package marginnote Info: right page because not two side mode on input line 145
.
Package marginnote Info: xpos seems to be 99.58464pt on input line 145.
Package marginnote Info: Margin note 1.11 is on absolute page 2 on input line 1
49.
Package marginnote Info: right page because not two side mode on input line 149
.
Package marginnote Info: xpos seems to be 99.58464pt on input line 149.
 [1

{/opt/texlive/texdir/texmf-var/fonts/map/pdftex/updmap/pdftex.map}{/opt/texlive
/texdir/texmf-dist/fonts/enc/dvips/ebgaramond/ebg_tcdnmr.enc}{/opt/texlive/texd
ir/texmf-dist/fonts/enc/dvips/ebgaramond/ebg_ljow5q.enc}{/opt/texlive/texdir/te
xmf-dist/fonts/enc/dvips/ebgaramond/ebg_byuyni.enc}]
Package marginnote Info: Margin note 2.1 is on absolute page 2 on input line 15
3.
Package marginnote Info: right page because not two side mode on input line 153
.
Package marginnote Info: xpos seems to be 99.58464pt on input line 153.
LaTeX Font Info:    Font shape `T1/EBGaramond-OsF/m/n' will be
(Font)              scaled to size 12.0pt on input line 200.
LaTeX Font Info:    Font shape `T1/EBGaramond-OsF/sb/n' will be
(Font)              scaled to size 12.0pt on input line 200.
LaTeX Font Info:    Font shape `T1/EBGaramond-OsF/m/sc' will be
(Font)              scaled to size 12.0pt on input line 200.
Package marginnote Info: Margin note 2.2 is on absolute page 2 on input line 20
2.
Package marginnote Info: right page because not two side mode on input line 202
.
Package marginnote Info: xpos seems to be 99.58464pt on input line 202.


Package biblatex Warning: Split bibliography detected.
(biblatex)                Many simple split bibliography setups with
(biblatex)                non-overlapping bibliographies benefit from
(biblatex)                setting 'defernumbers=true'.
(biblatex)                See the documentation for details.
(biblatex)                This warning can be suppressed with
(biblatex)                '\BiblatexSplitbibDefernumbersWarningOff'.


Overfull \hbox (5.72975pt too wide) in paragraph at lines 202--202
\T1/EBGaramond-OsF/m/it/10.95 beitswelt im Mit-tel-stand 1: Ergeb-nisse und Bes
t Prac-tice des BMBF-Forschungsschwerpunkts "Zukunft
 []

Package marginnote Info: Margin note 2.3 is on absolute page 2 on input line 20
3.
Package marginnote Info: right page because not two side mode on input line 203
.
Package marginnote Info: xpos seems to be 99.58464pt on input line 203.

Package biblatex Warning: Split bibliography detected.
(biblatex)                Many simple split bibliography setups with
(biblatex)                non-overlapping bibliographies benefit from
(biblatex)                setting 'defernumbers=true'.
(biblatex)                See the documentation for details.
(biblatex)                This warning can be suppressed with
(biblatex)                '\BiblatexSplitbibDefernumbersWarningOff'.


Overfull \hbox (11.58594pt too wide) in paragraph at lines 203--203
\T1/EBGaramond-OsF/m/n/10.95 merich, R. Schaller, D. Katic, and B. Alt, ``RoPHa
 - Ro-buste Wahrnehmungs-fähigkeiten für Roboter
 []

Package marginnote Info: Margin note 2.4 is on absolute page 2 on input line 20
6.
Package marginnote Info: right page because not two side mode on input line 206
.
Package marginnote Info: xpos seems to be 99.58464pt on input line 206.

Package biblatex Warning: Split bibliography detected.
(biblatex)                Many simple split bibliography setups with
(biblatex)                non-overlapping bibliographies benefit from
(biblatex)                setting 'defernumbers=true'.
(biblatex)                See the documentation for details.
(biblatex)                This warning can be suppressed with
(biblatex)                '\BiblatexSplitbibDefernumbersWarningOff'.


Overfull \hbox (21.89781pt too wide) in paragraph at lines 206--206
[]\T1/EBGaramond-OsF/m/n/10.95 A. Schü˙ler, C. Kunz, R. You-nis, B. Alt, J. Pai
k, M. Wag-ner, and F. Mathis-Ullrich, ``Semi-Autonomous
 []

Package marginnote Info: Margin note 2.5 is on absolute page 2 on input line 20
7.
Package marginnote Info: right page because not two side mode on input line 207
.
Package marginnote Info: xpos seems to be 99.58464pt on input line 207.

Package biblatex Warning: Split bibliography detected.
(biblatex)                Many simple split bibliography setups with
(biblatex)                non-overlapping bibliographies benefit from
(biblatex)                setting 'defernumbers=true'.
(biblatex)                See the documentation for details.
(biblatex)                This warning can be suppressed with
(biblatex)                '\BiblatexSplitbibDefernumbersWarningOff'.

Package marginnote Info: Margin note 2.6 is on absolute page 2 on input line 21
1.
Package marginnote Info: right page because not two side mode on input line 211
.
Package marginnote Info: xpos seems to be 99.58464pt on input line 211.

Package biblatex Warning: Split bibliography detected.
(biblatex)                Many simple split bibliography setups with
(biblatex)                non-overlapping bibliographies benefit from
(biblatex)                setting 'defernumbers=true'.
(biblatex)                See the documentation for details.
(biblatex)                This warning can be suppressed with
(biblatex)                '\BiblatexSplitbibDefernumbersWarningOff'.


Overfull \hbox (24.86371pt too wide) in paragraph at lines 211--211
\T1/EBGaramond-OsF/m/n/10.95 Mod-els,'' in \T1/EBGaramond-OsF/m/it/10.95 2025 I
EEE In-ter-na-tional Con-fer-ence on Robotics and Au-toma-tion (ICRA)\T1/EBGara
mond-OsF/m/n/10.95 , arXiv:2409.08704
 []

[2{/opt/texlive/texdir/texmf-dist/fonts/enc/dvips/cm-super/cm-super-t1.enc}]
Overfull \hbox (3.74341pt too wide) in paragraph at lines 211--211
\T1/EBGaramond-OsF/m/n/10.95 Ro-bust Model-Based Con-nec-tor Mat-ing in Robotic
 Wire Har-ness In-stal-la-tion,'' arXiv:2503.09409
 []

Package marginnote Info: Margin note 3.1 is on absolute page 3 on input line 21
2.
Package marginnote Info: right page because not two side mode on input line 212
.
Package marginnote Info: xpos seems to be 99.58464pt on input line 212.

Package biblatex Warning: Split bibliography detected.
(biblatex)                Many simple split bibliography setups with
(biblatex)                non-overlapping bibliographies benefit from
(biblatex)                setting 'defernumbers=true'.
(biblatex)                See the documentation for details.
(biblatex)                This warning can be suppressed with
(biblatex)                '\BiblatexSplitbibDefernumbersWarningOff'.


Overfull \hbox (12.42729pt too wide) in paragraph at lines 212--212
\T1/EBGaramond-OsF/m/sc/10.95 doi\T1/EBGaramond-OsF/m/n/10.95 : [][]$\T1/cmtt/m
/n/10.95 10 . 1016 / j . procir . 2024 . 10 . 125$[][] \T1/EBGaramond-OsF/m/n/1
0.95 [On-line]. Avail-able: [][]$\T1/cmtt/m/n/10.95 https : / / www . sciencedi
rect .
 []


Overfull \hbox (3.79271pt too wide) in paragraph at lines 212--212
\T1/EBGaramond-OsF/m/n/10.95 face for Ex-plain-able AI-Based Robot Pro-gram Op-
ti-miza-tion,'' in \T1/EBGaramond-OsF/m/it/10.95 Pro-ce-dia CIRP\T1/EBGaramond-
OsF/m/n/10.95 , arXiv:2404.19349
 []

Package marginnote Info: Margin note 3.2 is on absolute page 3 on input line 21
3.
Package marginnote Info: right page because not two side mode on input line 213
.
Package marginnote Info: xpos seems to be 99.58464pt on input line 213.

Package biblatex Warning: Split bibliography detected.
(biblatex)                Many simple split bibliography setups with
(biblatex)                non-overlapping bibliographies benefit from
(biblatex)                setting 'defernumbers=true'.
(biblatex)                See the documentation for details.
(biblatex)                This warning can be suppressed with
(biblatex)                '\BiblatexSplitbibDefernumbersWarningOff'.

[3]
Package marginnote Info: Margin note 4.1 is on absolute page 4 on input line 21
4.
Package marginnote Info: right page because not two side mode on input line 214
.
Package marginnote Info: xpos seems to be 99.58464pt on input line 214.


Package biblatex Warning: Split bibliography detected.
(biblatex)                Many simple split bibliography setups with
(biblatex)                non-overlapping bibliographies benefit from
(biblatex)                setting 'defernumbers=true'.
(biblatex)                See the documentation for details.
(biblatex)                This warning can be suppressed with
(biblatex)                '\BiblatexSplitbibDefernumbersWarningOff'.

Package marginnote Info: Margin note 4.2 is on absolute page 4 on input line 21
5.
Package marginnote Info: right page because not two side mode on input line 215
.
Package marginnote Info: xpos seems to be 99.58464pt on input line 215.

Package biblatex Warning: Split bibliography detected.
(biblatex)                Many simple split bibliography setups with
(biblatex)                non-overlapping bibliographies benefit from
(biblatex)                setting 'defernumbers=true'.
(biblatex)                See the documentation for details.
(biblatex)                This warning can be suppressed with
(biblatex)                '\BiblatexSplitbibDefernumbersWarningOff'.


Overfull \hbox (22.37581pt too wide) in paragraph at lines 215--215
\T1/EBGaramond-OsF/m/it/10.95 and Au-toma-tion (ICRA)\T1/EBGaramond-OsF/m/n/10.
95 , Xi'an, China: IEEE, May 2021, pp. 4672^^U4678. \T1/EBGaramond-OsF/m/sc/10.
95 doi\T1/EBGaramond-OsF/m/n/10.95 : [][]$\T1/cmtt/m/n/10.95 10 . 1109 / ICRA48
506 .
 []


Overfull \hbox (2.7679pt too wide) in paragraph at lines 215--215
\T1/cmtt/m/n/10.95 2021 . 9561206$[][] \T1/EBGaramond-OsF/m/n/10.95 [On-line]. 
Avail-able: [][]$\T1/cmtt/m/n/10.95 https : / / ieeexplore . ieee . org / docum
ent / 9561206$[][] 
 []

Package marginnote Info: Margin note 4.3 is on absolute page 4 on input line 21
6.
Package marginnote Info: right page because not two side mode on input line 216
.
Package marginnote Info: xpos seems to be 99.58464pt on input line 216.

Package biblatex Warning: Split bibliography detected.
(biblatex)                Many simple split bibliography setups with
(biblatex)                non-overlapping bibliographies benefit from
(biblatex)                setting 'defernumbers=true'.
(biblatex)                See the documentation for details.
(biblatex)                This warning can be suppressed with
(biblatex)                '\BiblatexSplitbibDefernumbersWarningOff'.


Overfull \hbox (12.39874pt too wide) in paragraph at lines 216--216
[]\T1/EBGaramond-OsF/m/n/10.95 B. Alt, F. Au-mann, L. Gien-ger, F. Jor-dan, D. 
Katic, R. Jäkel, and B. Graf, ``Mod-u-lare, datengetriebene
 []

Package marginnote Info: Margin note 4.4 is on absolute page 4 on input line 22
0.
Package marginnote Info: right page because not two side mode on input line 220
.
Package marginnote Info: xpos seems to be 99.58464pt on input line 220.

Package biblatex Warning: Split bibliography detected.
(biblatex)                Many simple split bibliography setups with
(biblatex)                non-overlapping bibliographies benefit from
(biblatex)                setting 'defernumbers=true'.
(biblatex)                See the documentation for details.
(biblatex)                This warning can be suppressed with
(biblatex)                '\BiblatexSplitbibDefernumbersWarningOff'.

Package marginnote Info: Margin note 4.5 is on absolute page 5 on input line 22
1.
Package marginnote Info: right page because not two side mode on input line 221
.
Package marginnote Info: xpos seems to be 99.58464pt on input line 221.

Package biblatex Warning: Split bibliography detected.
(biblatex)                Many simple split bibliography setups with
(biblatex)                non-overlapping bibliographies benefit from
(biblatex)                setting 'defernumbers=true'.
(biblatex)                See the documentation for details.
(biblatex)                This warning can be suppressed with
(biblatex)                '\BiblatexSplitbibDefernumbersWarningOff'.

[4]
Package marginnote Info: Margin note 5.1 is on absolute page 5 on input line 22
4.
Package marginnote Info: right page because not two side mode on input line 224
.
Package marginnote Info: xpos seems to be 99.58464pt on input line 224.


Package biblatex Warning: Split bibliography detected.
(biblatex)                Many simple split bibliography setups with
(biblatex)                non-overlapping bibliographies benefit from
(biblatex)                setting 'defernumbers=true'.
(biblatex)                See the documentation for details.
(biblatex)                This warning can be suppressed with
(biblatex)                '\BiblatexSplitbibDefernumbersWarningOff'.

Package marginnote Info: Margin note 5.2 is on absolute page 5 on input line 22
5.
Package marginnote Info: right page because not two side mode on input line 225
.
Package marginnote Info: xpos seems to be 99.58464pt on input line 225.

Package biblatex Warning: Split bibliography detected.
(biblatex)                Many simple split bibliography setups with
(biblatex)                non-overlapping bibliographies benefit from
(biblatex)                setting 'defernumbers=true'.
(biblatex)                See the documentation for details.
(biblatex)                This warning can be suppressed with
(biblatex)                '\BiblatexSplitbibDefernumbersWarningOff'.

Package marginnote Info: Margin note 5.3 is on absolute page 5 on input line 23
3.
Package marginnote Info: right page because not two side mode on input line 233
.
Package marginnote Info: xpos seems to be 99.58464pt on input line 233.
Package marginnote Info: Margin note 5.4 is on absolute page 5 on input line 23
4.
Package marginnote Info: right page because not two side mode on input line 234
.
Package marginnote Info: xpos seems to be 99.58464pt on input line 234.
Package marginnote Info: Margin note 5.5 is on absolute page 5 on input line 23
7.
Package marginnote Info: right page because not two side mode on input line 237
.
Package marginnote Info: xpos seems to be 99.58464pt on input line 237.
Package marginnote Info: Margin note 5.6 is on absolute page 5 on input line 24
0.
Package marginnote Info: right page because not two side mode on input line 240
.
Package marginnote Info: xpos seems to be 99.58464pt on input line 240.
Package marginnote Info: Margin note 5.7 is on absolute page 5 on input line 24
3.
Package marginnote Info: right page because not two side mode on input line 243
.
Package marginnote Info: xpos seems to be 99.58464pt on input line 243.
Package marginnote Info: Margin note 5.8 is on absolute page 5 on input line 24
6.
Package marginnote Info: right page because not two side mode on input line 246
.
Package marginnote Info: xpos seems to be 99.58464pt on input line 246.
Package marginnote Info: Margin note 5.9 is on absolute page 5 on input line 24
9.
Package marginnote Info: right page because not two side mode on input line 249
.
Package marginnote Info: xpos seems to be 99.58464pt on input line 249.
Package marginnote Info: Margin note 5.10 is on absolute page 5 on input line 2
52.
Package marginnote Info: right page because not two side mode on input line 252
.
Package marginnote Info: xpos seems to be 99.58464pt on input line 252.
Package marginnote Info: Margin note 5.11 is on absolute page 5 on input line 2
55.
Package marginnote Info: right page because not two side mode on input line 255
.
Package marginnote Info: xpos seems to be 99.58464pt on input line 255.
Package marginnote Info: Margin note 5.12 is on absolute page 6 on input line 2
58.
Package marginnote Info: right page because not two side mode on input line 258
.
Package marginnote Info: xpos seems to be 99.58464pt on input line 258.
Package marginnote Info: Margin note 5.13 is on absolute page 6 on input line 2
61.
Package marginnote Info: right page because not two side mode on input line 261
.
Package marginnote Info: xpos seems to be 99.58464pt on input line 261.
Package marginnote Info: Margin note 5.14 is on absolute page 6 on input line 2
64.
Package marginnote Info: right page because not two side mode on input line 264
.
Package marginnote Info: xpos seems to be 99.58464pt on input line 264.
Package marginnote Info: Margin note 5.15 is on absolute page 6 on input line 2
67.
Package marginnote Info: right page because not two side mode on input line 267
.
Package marginnote Info: xpos seems to be 99.58464pt on input line 267.
Package marginnote Info: Margin note 5.16 is on absolute page 6 on input line 2
70.
Package marginnote Info: right page because not two side mode on input line 270
.
Package marginnote Info: xpos seems to be 99.58464pt on input line 270.
Package marginnote Info: Margin note 5.17 is on absolute page 6 on input line 2
73.
Package marginnote Info: right page because not two side mode on input line 273
.
Package marginnote Info: xpos seems to be 99.58464pt on input line 273.
Package marginnote Info: Margin note 5.18 is on absolute page 6 on input line 2
76.
Package marginnote Info: right page because not two side mode on input line 276
.
Package marginnote Info: xpos seems to be 99.58464pt on input line 276.
Package marginnote Info: Margin note 5.19 is on absolute page 6 on input line 2
79.
Package marginnote Info: right page because not two side mode on input line 279
.
Package marginnote Info: xpos seems to be 99.58464pt on input line 279.
Package marginnote Info: Margin note 5.20 is on absolute page 6 on input line 2
82.
Package marginnote Info: right page because not two side mode on input line 282
.
Package marginnote Info: xpos seems to be 99.58464pt on input line 282.
Package marginnote Info: Margin note 5.21 is on absolute page 6 on input line 2
85.
Package marginnote Info: right page because not two side mode on input line 285
.
Package marginnote Info: xpos seems to be 99.58464pt on input line 285.
Package marginnote Info: Margin note 5.22 is on absolute page 6 on input line 2
88.
Package marginnote Info: right page because not two side mode on input line 288
.
Package marginnote Info: xpos seems to be 99.58464pt on input line 288.

Overfull \hbox (2.74799pt too wide) in paragraph at lines 237--291
\T1/EBGaramond-OsF/m/n/10.95 Digital Twin-based Au-to-mated Fiber Place-ment fo
r Rivet-Free Man-u-fac-tur-ing of Aerospace Com-
 []


Overfull \hbox (21.95862pt too wide) in paragraph at lines 237--291
\T1/EBGaramond-OsF/m/n/10.95 Automated Work-flow for the Patient-Specific Carbo
n-Reinforced Or-tho-pe-dic Prod-ucts (Au-toKOOP) 
 []


Overfull \hbox (4.55289pt too wide) in paragraph at lines 237--291
\T1/EBGaramond-OsF/m/n/10.95 Efficient Anal-y-sis and Con-trol in a Dyn. Edge-C
loud-Continuum for In-dustr. Pro-duc-tion (EASY) 
 []


Overfull \hbox (9.31363pt too wide) in paragraph at lines 237--291
\T1/EBGaramond-OsF/m/n/10.95 Competency Cen-ter Ar-ti-fi-cial In-tel-li-gence f
or Work-ing and Liv-ing in the Karl-sruhe Re-gion (KARL) 
 []


Overfull \hbox (10.4995pt too wide) in paragraph at lines 237--291
\T1/EBGaramond-OsF/m/n/10.95 Robust Per-cep-tion Skills for Robotic House-hold 
As-sis-tance in the Con-text of El-derly Care (RoPHa) 
 []


Underfull \hbox (badness 10000) in paragraph at lines 237--291

 []

[5]
Package marginnote Info: Margin note 6.1 is on absolute page 6 on input line 29
5.
Package marginnote Info: right page because not two side mode on input line 295
.
Package marginnote Info: xpos seems to be 99.58464pt on input line 295.
 [6]
Package marginnote Info: Margin note 7.1 is on absolute page 7 on input line 31
5.
Package marginnote Info: right page because not two side mode on input line 315
.
Package marginnote Info: xpos seems to be 99.58464pt on input line 315.

Overfull \hbox (8.13846pt too wide) in paragraph at lines 328--331
\T1/EBGaramond-OsF/m/n/10.95 Projektträger Karl-sruhe (PTKA) at Karl-sruhe In-s
ti-tute of Tech-nol-ogy (KIT), Karl-sruhe, 20.09.2024 
 []

Package marginnote Info: Margin note 7.2 is on absolute page 7 on input line 34
7.
Package marginnote Info: right page because not two side mode on input line 347
.
Package marginnote Info: xpos seems to be 99.58464pt on input line 347.
Package marginnote Info: Margin note 7.3 is on absolute page 7 on input line 35
6.
Package marginnote Info: right page because not two side mode on input line 356
.
Package marginnote Info: xpos seems to be 99.58464pt on input line 356.
Package marginnote Info: Margin note 7.4 is on absolute page 7 on input line 36
1.
Package marginnote Info: right page because not two side mode on input line 361
.
Package marginnote Info: xpos seems to be 99.58464pt on input line 361.
Package marginnote Info: Margin note 7.5 is on absolute page 8 on input line 37
8.
Package marginnote Info: right page because not two side mode on input line 378
.
Package marginnote Info: xpos seems to be 99.58464pt on input line 378.
[7]
Package marginnote Info: Margin note 8.1 is on absolute page 8 on input line 38
8.
Package marginnote Info: right page because not two side mode on input line 388
.
Package marginnote Info: xpos seems to be 99.58464pt on input line 388.
Package marginnote Info: Margin note 8.2 is on absolute page 8 on input line 40
6.
Package marginnote Info: right page because not two side mode on input line 406
.
Package marginnote Info: xpos seems to be 99.58464pt on input line 406.

Overfull \hbox (11.48012pt too wide) in paragraph at lines 407--408
[]\T1/EBGaramond-OsF/m/n/10.95 ``Modulare, datengetriebene Roboter-pro-gram-mie
rung für die Lö-sung kom-plexer Hand-habungsauf-
 []

Package marginnote Info: Margin note 8.3 is on absolute page 8 on input line 41
2.
Package marginnote Info: right page because not two side mode on input line 412
.
Package marginnote Info: xpos seems to be 99.58464pt on input line 412.
Package marginnote Info: Margin note 8.4 is on absolute page 8 on input line 41
7.
Package marginnote Info: right page because not two side mode on input line 417
.
Package marginnote Info: xpos seems to be 99.58464pt on input line 417.
Package marginnote Info: Margin note 8.5 is on absolute page 8 on input line 42
2.
Package marginnote Info: right page because not two side mode on input line 422
.
Package marginnote Info: xpos seems to be 99.58464pt on input line 422.

Underfull \hbox (badness 10000) in paragraph at lines 423--424

 []

Package marginnote Info: Margin note 8.6 is on absolute page 8 on input line 43
2.
Package marginnote Info: right page because not two side mode on input line 432
.
Package marginnote Info: xpos seems to be 99.58464pt on input line 432.
Package marginnote Info: Margin note 8.7 is on absolute page 9 on input line 43
9.
Package marginnote Info: right page because not two side mode on input line 439
.
Package marginnote Info: xpos seems to be 99.58464pt on input line 439.
[8]
Package marginnote Info: Margin note 9.1 is on absolute page 9 on input line 44
6.
Package marginnote Info: right page because not two side mode on input line 446
.
Package marginnote Info: xpos seems to be 99.58464pt on input line 446.
Package marginnote Info: Margin note 9.2 is on absolute page 9 on input line 45
9.
Package marginnote Info: right page because not two side mode on input line 459
.
Package marginnote Info: xpos seems to be 99.58464pt on input line 459.
Package marginnote Info: Margin note 9.3 is on absolute page 9 on input line 47
5.
Package marginnote Info: right page because not two side mode on input line 475
.
Package marginnote Info: xpos seems to be 99.58464pt on input line 475.
Package marginnote Info: Margin note 9.4 is on absolute page 9 on input line 47
9.
Package marginnote Info: right page because not two side mode on input line 479
.
Package marginnote Info: xpos seems to be 99.58464pt on input line 479.
Package marginnote Info: Margin note 9.5 is on absolute page 9 on input line 48
6.
Package marginnote Info: right page because not two side mode on input line 486
.
Package marginnote Info: xpos seems to be 99.58464pt on input line 486.
 [9] (./cv.aux)
 ***********
LaTeX2e <2025-11-01>
L3 programming layer <2025-12-29>
 ***********
Package rerunfilecheck Info: File `cv.out' has not changed.
(rerunfilecheck)             Checksum: D41D8CD98F00B204E9800998ECF8427E;0.
Package logreq Info: Writing requests to 'cv.run.xml'.
\openout1 = `cv.run.xml'.

 ) 
Here is how much of TeX's memory you used:
 18497 strings out of 467538
 331870 string characters out of 5421637
 1177938 words of memory out of 5000000
 47119 multiletter control sequences out of 15000+600000
 705165 words of font info for 69 fonts, out of 8000000 for 9000
 1141 hyphenation exceptions out of 8191
 72i,9n,87p,1463b,1535s stack positions out of 10000i,1000n,20000p,200000b,200000s
</opt/texlive/texdir/texmf-dist/fonts/type1/public/ebgaramond/EBGaramond-Ital
ic.pfb></opt/texlive/texdir/texmf-dist/fonts/type1/public/ebgaramond/EBGaramond
-Regular.pfb></opt/texlive/texdir/texmf-dist/fonts/type1/public/ebgaramond/EBGa
ramond-SemiBold.pfb></opt/texlive/texdir/texmf-dist/fonts/type1/public/cm-super
/sftt1095.pfb>
Output written on cv.pdf (9 pages, 143420 bytes).
PDF statistics:
 200 PDF objects out of 1000 (max. 8388607)
 178 compressed objects within 2 object streams
 61 named destinations out of 1000 (max. 500000)
 1 words of extra memory for PDF output out of 10000 (max. 10000000)

